  DXGraphicsEngine.cpp
E:\SVN\3D Graphics Engine Assignment\S1_Engine\3_OhKyungMin\SRC\OKEngine\GraphicsEngine\ShaderBase.h(31,37): warning C4267: 'return': 'size_t'에서 'UINT'(으)로 변환하면서 데이터가 손실될 수 있습니다.
E:\SVN\3D Graphics Engine Assignment\S1_Engine\3_OhKyungMin\SRC\OKEngine\GraphicsEngine\DXGraphicsEngine.cpp(42,50): warning C4312: '형식 캐스트': 'long'에서 더 큰 'HINSTANCE'(으)로의 변환입니다.
E:\SVN\3D Graphics Engine Assignment\S1_Engine\3_OhKyungMin\SRC\OKEngine\GraphicsEngine\DXGraphicsEngine.cpp(43,42): warning C4312: '형식 캐스트': 'long'에서 더 큰 'HWND'(으)로의 변환입니다.
E:\SVN\3D Graphics Engine Assignment\S1_Engine\3_OhKyungMin\SRC\OKEngine\GraphicsEngine\DXGraphicsEngine.cpp(185,162): warning C4267: '인수': 'size_t'에서 'UINT'(으)로 변환하면서 데이터가 손실될 수 있습니다.
  DXResourceManager.cpp
E:\SVN\3D Graphics Engine Assignment\S1_Engine\3_OhKyungMin\SRC\OKEngine\GraphicsEngine\ShaderBase.h(31,37): warning C4267: 'return': 'size_t'에서 'UINT'(으)로 변환하면서 데이터가 손실될 수 있습니다.
  PixelShader.cpp
E:\SVN\3D Graphics Engine Assignment\S1_Engine\3_OhKyungMin\SRC\OKEngine\GraphicsEngine\ShaderBase.h(31,37): warning C4267: 'return': 'size_t'에서 'UINT'(으)로 변환하면서 데이터가 손실될 수 있습니다.
  PostProcessRenderPass.cpp
E:\SVN\3D Graphics Engine Assignment\S1_Engine\3_OhKyungMin\SRC\OKEngine\GraphicsEngine\ShaderBase.h(31,37): warning C4267: 'return': 'size_t'에서 'UINT'(으)로 변환하면서 데이터가 손실될 수 있습니다.
E:\SVN\3D Graphics Engine Assignment\S1_Engine\3_OhKyungMin\SRC\OKEngine\GraphicsEngine\PostProcessRenderPass.cpp(52,24): warning C4018: '<': signed 또는 unsigned가 일치하지 않습니다.
  RenderPass.cpp
E:\SVN\3D Graphics Engine Assignment\S1_Engine\3_OhKyungMin\SRC\OKEngine\GraphicsEngine\ShaderBase.h(31,37): warning C4267: 'return': 'size_t'에서 'UINT'(으)로 변환하면서 데이터가 손실될 수 있습니다.
E:\SVN\3D Graphics Engine Assignment\S1_Engine\3_OhKyungMin\SRC\OKEngine\GraphicsEngine\RenderPass.cpp(19,42): warning C4018: '<': signed 또는 unsigned가 일치하지 않습니다.
E:\SVN\3D Graphics Engine Assignment\S1_Engine\3_OhKyungMin\SRC\OKEngine\GraphicsEngine\RenderPass.cpp(41,24): warning C4018: '<': signed 또는 unsigned가 일치하지 않습니다.
  RenderPassBase.cpp
  ShaderBase.cpp
E:\SVN\3D Graphics Engine Assignment\S1_Engine\3_OhKyungMin\SRC\OKEngine\GraphicsEngine\ShaderBase.h(31,37): warning C4267: 'return': 'size_t'에서 'UINT'(으)로 변환하면서 데이터가 손실될 수 있습니다.
E:\SVN\3D Graphics Engine Assignment\S1_Engine\3_OhKyungMin\SRC\OKEngine\GraphicsEngine\ShaderBase.cpp(58,23): warning C4018: '<': signed 또는 unsigned가 일치하지 않습니다.
E:\SVN\3D Graphics Engine Assignment\S1_Engine\3_OhKyungMin\SRC\OKEngine\GraphicsEngine\ShaderBase.cpp(82,23): warning C4018: '<': signed 또는 unsigned가 일치하지 않습니다.
E:\SVN\3D Graphics Engine Assignment\S1_Engine\3_OhKyungMin\SRC\OKEngine\GraphicsEngine\ShaderBase.cpp(128,20): warning C4018: '<': signed 또는 unsigned가 일치하지 않습니다.
E:\SVN\3D Graphics Engine Assignment\S1_Engine\3_OhKyungMin\SRC\OKEngine\GraphicsEngine\ShaderBase.cpp(170,34): warning C4018: '<': signed 또는 unsigned가 일치하지 않습니다.
  VertexShader.cpp
E:\SVN\3D Graphics Engine Assignment\S1_Engine\3_OhKyungMin\SRC\OKEngine\GraphicsEngine\ShaderBase.h(31,37): warning C4267: 'return': 'size_t'에서 'UINT'(으)로 변환하면서 데이터가 손실될 수 있습니다.
E:\SVN\3D Graphics Engine Assignment\S1_Engine\3_OhKyungMin\SRC\OKEngine\GraphicsEngine\VertexShader.cpp(114,2): warning C4267: '인수': 'size_t'에서 'UINT'(으)로 변환하면서 데이터가 손실될 수 있습니다.
  코드를 생성하고 있습니다...
  GraphicsEngine.vcxproj -> E:\SVN\3D Graphics Engine Assignment\S1_Engine\3_OhKyungMin\SRC\OKEngine\Output\lib\GraphicsEngine.dll
          1개 파일이 복사되었습니다.
