e:\svn\3d graphics engine assignment\s1_engine\3_ohkyungmin\src\okengine\graphicsengine\x64\debug\graphicsengine.pch
e:\svn\3d graphics engine assignment\s1_engine\3_ohkyungmin\src\okengine\graphicsengine\x64\debug\vc142.pdb
e:\svn\3d graphics engine assignment\s1_engine\3_ohkyungmin\src\okengine\graphicsengine\x64\debug\vc142.idb
e:\svn\3d graphics engine assignment\s1_engine\3_ohkyungmin\src\okengine\graphicsengine\x64\debug\pch.obj
e:\svn\3d graphics engine assignment\s1_engine\3_ohkyungmin\src\okengine\graphicsengine\x64\debug\rendermessagequeue.obj
e:\svn\3d graphics engine assignment\s1_engine\3_ohkyungmin\src\okengine\graphicsengine\x64\debug\rendermessagepool.obj
e:\svn\3d graphics engine assignment\s1_engine\3_ohkyungmin\src\okengine\graphicsengine\x64\debug\rendermessage.obj
e:\svn\3d graphics engine assignment\s1_engine\3_ohkyungmin\src\okengine\graphicsengine\x64\debug\renderinfomanager.obj
e:\svn\3d graphics engine assignment\s1_engine\3_ohkyungmin\src\okengine\graphicsengine\x64\debug\pixelshader.obj
e:\svn\3d graphics engine assignment\s1_engine\3_ohkyungmin\src\okengine\graphicsengine\x64\debug\iresourcemanager.obj
e:\svn\3d graphics engine assignment\s1_engine\3_ohkyungmin\src\okengine\graphicsengine\x64\debug\renderpassbase.obj
e:\svn\3d graphics engine assignment\s1_engine\3_ohkyungmin\src\okengine\graphicsengine\x64\debug\postprocessrenderpass.obj
e:\svn\3d graphics engine assignment\s1_engine\3_ohkyungmin\src\okengine\graphicsengine\x64\debug\indexbuffer.obj
e:\svn\3d graphics engine assignment\s1_engine\3_ohkyungmin\src\okengine\graphicsengine\x64\debug\igraphicsengine.obj
e:\svn\3d graphics engine assignment\s1_engine\3_ohkyungmin\src\okengine\graphicsengine\x64\debug\graphicsenginefactory.obj
e:\svn\3d graphics engine assignment\s1_engine\3_ohkyungmin\src\okengine\graphicsengine\x64\debug\dxresourcemanager.obj
e:\svn\3d graphics engine assignment\s1_engine\3_ohkyungmin\src\okengine\graphicsengine\x64\debug\dxmacro.obj
e:\svn\3d graphics engine assignment\s1_engine\3_ohkyungmin\src\okengine\graphicsengine\x64\debug\dxgraphicsengine.obj
e:\svn\3d graphics engine assignment\s1_engine\3_ohkyungmin\src\okengine\graphicsengine\x64\debug\dllrenderstruct.obj
e:\svn\3d graphics engine assignment\s1_engine\3_ohkyungmin\src\okengine\graphicsengine\x64\debug\dllmain.obj
e:\svn\3d graphics engine assignment\s1_engine\3_ohkyungmin\src\okengine\graphicsengine\x64\debug\device.obj
e:\svn\3d graphics engine assignment\s1_engine\3_ohkyungmin\src\okengine\graphicsengine\x64\debug\depthstencilview.obj
e:\svn\3d graphics engine assignment\s1_engine\3_ohkyungmin\src\okengine\graphicsengine\x64\debug\constantbuffer.obj
e:\svn\3d graphics engine assignment\s1_engine\3_ohkyungmin\src\okengine\graphicsengine\x64\debug\basicpass.obj
e:\svn\3d graphics engine assignment\s1_engine\3_ohkyungmin\src\okengine\graphicsengine\x64\debug\vertexshader.obj
e:\svn\3d graphics engine assignment\s1_engine\3_ohkyungmin\src\okengine\graphicsengine\x64\debug\vertexbuffer.obj
e:\svn\3d graphics engine assignment\s1_engine\3_ohkyungmin\src\okengine\graphicsengine\x64\debug\textureresourcebuffer.obj
e:\svn\3d graphics engine assignment\s1_engine\3_ohkyungmin\src\okengine\graphicsengine\x64\debug\texture.obj
e:\svn\3d graphics engine assignment\s1_engine\3_ohkyungmin\src\okengine\graphicsengine\x64\debug\swapchain.obj
e:\svn\3d graphics engine assignment\s1_engine\3_ohkyungmin\src\okengine\graphicsengine\x64\debug\shaderbase.obj
e:\svn\3d graphics engine assignment\s1_engine\3_ohkyungmin\src\okengine\graphicsengine\x64\debug\samplerstate.obj
e:\svn\3d graphics engine assignment\s1_engine\3_ohkyungmin\src\okengine\graphicsengine\x64\debug\samplerbuffer.obj
e:\svn\3d graphics engine assignment\s1_engine\3_ohkyungmin\src\okengine\graphicsengine\x64\debug\rendertargetview.obj
e:\svn\3d graphics engine assignment\s1_engine\3_ohkyungmin\src\okengine\graphicsengine\x64\debug\renderstruct.obj
e:\svn\3d graphics engine assignment\s1_engine\3_ohkyungmin\src\okengine\output\lib\graphicsengine.lib
e:\svn\3d graphics engine assignment\s1_engine\3_ohkyungmin\src\okengine\output\lib\graphicsengine.exp
e:\svn\3d graphics engine assignment\s1_engine\3_ohkyungmin\src\okengine\output\lib\graphicsengine.dll
e:\svn\3d graphics engine assignment\s1_engine\3_ohkyungmin\src\okengine\graphicsengine\x64\debug\graphicsengine.ilk
e:\svn\3d graphics engine assignment\s1_engine\3_ohkyungmin\src\okengine\output\lib\graphicsengine.pdb
e:\svn\3d graphics engine assignment\s1_engine\3_ohkyungmin\src\okengine\graphicsengine\x64\debug\graphicsengine.tlog\cl.command.1.tlog
e:\svn\3d graphics engine assignment\s1_engine\3_ohkyungmin\src\okengine\graphicsengine\x64\debug\graphicsengine.tlog\cl.read.1.tlog
e:\svn\3d graphics engine assignment\s1_engine\3_ohkyungmin\src\okengine\graphicsengine\x64\debug\graphicsengine.tlog\cl.write.1.tlog
e:\svn\3d graphics engine assignment\s1_engine\3_ohkyungmin\src\okengine\graphicsengine\x64\debug\graphicsengine.tlog\graphicsengine.write.1u.tlog
e:\svn\3d graphics engine assignment\s1_engine\3_ohkyungmin\src\okengine\graphicsengine\x64\debug\graphicsengine.tlog\link.command.1.tlog
e:\svn\3d graphics engine assignment\s1_engine\3_ohkyungmin\src\okengine\graphicsengine\x64\debug\graphicsengine.tlog\link.read.1.tlog
e:\svn\3d graphics engine assignment\s1_engine\3_ohkyungmin\src\okengine\graphicsengine\x64\debug\graphicsengine.tlog\link.write.1.tlog
