e:\svn\3d graphics engine assignment\s1_engine\3_ohkyungmin\src\okengine\okengine\x64\debug\okengine.pch
e:\svn\3d graphics engine assignment\s1_engine\3_ohkyungmin\src\okengine\okengine\x64\debug\vc142.pdb
e:\svn\3d graphics engine assignment\s1_engine\3_ohkyungmin\src\okengine\okengine\x64\debug\vc142.idb
e:\svn\3d graphics engine assignment\s1_engine\3_ohkyungmin\src\okengine\okengine\x64\debug\enginepch.obj
e:\svn\3d graphics engine assignment\s1_engine\3_ohkyungmin\src\okengine\okengine\x64\debug\modelloader.obj
e:\svn\3d graphics engine assignment\s1_engine\3_ohkyungmin\src\okengine\okengine\x64\debug\meshrenderer.obj
e:\svn\3d graphics engine assignment\s1_engine\3_ohkyungmin\src\okengine\okengine\x64\debug\mesh.obj
e:\svn\3d graphics engine assignment\s1_engine\3_ohkyungmin\src\okengine\okengine\x64\debug\keyframanimation.obj
e:\svn\3d graphics engine assignment\s1_engine\3_ohkyungmin\src\okengine\okengine\x64\debug\input.obj
e:\svn\3d graphics engine assignment\s1_engine\3_ohkyungmin\src\okengine\okengine\x64\debug\lightbase.obj
e:\svn\3d graphics engine assignment\s1_engine\3_ohkyungmin\src\okengine\okengine\x64\debug\igameengine.obj
e:\svn\3d graphics engine assignment\s1_engine\3_ohkyungmin\src\okengine\okengine\x64\debug\geometrygenerator.obj
e:\svn\3d graphics engine assignment\s1_engine\3_ohkyungmin\src\okengine\okengine\x64\debug\gameobject.obj
e:\svn\3d graphics engine assignment\s1_engine\3_ohkyungmin\src\okengine\okengine\x64\debug\gameenginefactory.obj
e:\svn\3d graphics engine assignment\s1_engine\3_ohkyungmin\src\okengine\okengine\x64\debug\dllmain.obj
e:\svn\3d graphics engine assignment\s1_engine\3_ohkyungmin\src\okengine\okengine\x64\debug\directionallight.obj
e:\svn\3d graphics engine assignment\s1_engine\3_ohkyungmin\src\okengine\okengine\x64\debug\datastruct.obj
e:\svn\3d graphics engine assignment\s1_engine\3_ohkyungmin\src\okengine\okengine\x64\debug\componentbase.obj
e:\svn\3d graphics engine assignment\s1_engine\3_ohkyungmin\src\okengine\okengine\x64\debug\colliderupdater.obj
e:\svn\3d graphics engine assignment\s1_engine\3_ohkyungmin\src\okengine\okengine\x64\debug\colliderbase.obj
e:\svn\3d graphics engine assignment\s1_engine\3_ohkyungmin\src\okengine\okengine\x64\debug\cameraobject.obj
e:\svn\3d graphics engine assignment\s1_engine\3_ohkyungmin\src\okengine\okengine\x64\debug\cameracontroller.obj
e:\svn\3d graphics engine assignment\s1_engine\3_ohkyungmin\src\okengine\okengine\x64\debug\camera.obj
e:\svn\3d graphics engine assignment\s1_engine\3_ohkyungmin\src\okengine\okengine\x64\debug\alignedallocationpolicy.obj
e:\svn\3d graphics engine assignment\s1_engine\3_ohkyungmin\src\okengine\okengine\x64\debug\ui.obj
e:\svn\3d graphics engine assignment\s1_engine\3_ohkyungmin\src\okengine\okengine\x64\debug\transformupdater.obj
e:\svn\3d graphics engine assignment\s1_engine\3_ohkyungmin\src\okengine\okengine\x64\debug\transform.obj
e:\svn\3d graphics engine assignment\s1_engine\3_ohkyungmin\src\okengine\okengine\x64\debug\time.obj
e:\svn\3d graphics engine assignment\s1_engine\3_ohkyungmin\src\okengine\okengine\x64\debug\testscene.obj
e:\svn\3d graphics engine assignment\s1_engine\3_ohkyungmin\src\okengine\okengine\x64\debug\spotlight.obj
e:\svn\3d graphics engine assignment\s1_engine\3_ohkyungmin\src\okengine\okengine\x64\debug\skinnedmesh.obj
e:\svn\3d graphics engine assignment\s1_engine\3_ohkyungmin\src\okengine\okengine\x64\debug\scenemanager.obj
e:\svn\3d graphics engine assignment\s1_engine\3_ohkyungmin\src\okengine\okengine\x64\debug\scene.obj
e:\svn\3d graphics engine assignment\s1_engine\3_ohkyungmin\src\okengine\okengine\x64\debug\resourcehashtable.obj
e:\svn\3d graphics engine assignment\s1_engine\3_ohkyungmin\src\okengine\okengine\x64\debug\pointlight.obj
e:\svn\3d graphics engine assignment\s1_engine\3_ohkyungmin\src\okengine\okengine\x64\debug\okengine.obj
e:\svn\3d graphics engine assignment\s1_engine\3_ohkyungmin\src\okengine\output\lib\okengine.dll
e:\svn\3d graphics engine assignment\s1_engine\3_ohkyungmin\src\okengine\okengine\x64\debug\okengine.ilk
e:\svn\3d graphics engine assignment\s1_engine\3_ohkyungmin\src\okengine\output\lib\okengine.pdb
e:\svn\3d graphics engine assignment\s1_engine\3_ohkyungmin\src\okengine\output\lib\okengine.lib
e:\svn\3d graphics engine assignment\s1_engine\3_ohkyungmin\src\okengine\output\lib\okengine.exp
e:\svn\3d graphics engine assignment\s1_engine\3_ohkyungmin\src\okengine\okengine\x64\debug\okengine.tlog\cl.command.1.tlog
e:\svn\3d graphics engine assignment\s1_engine\3_ohkyungmin\src\okengine\okengine\x64\debug\okengine.tlog\cl.read.1.tlog
e:\svn\3d graphics engine assignment\s1_engine\3_ohkyungmin\src\okengine\okengine\x64\debug\okengine.tlog\cl.write.1.tlog
e:\svn\3d graphics engine assignment\s1_engine\3_ohkyungmin\src\okengine\okengine\x64\debug\okengine.tlog\link.command.1.tlog
e:\svn\3d graphics engine assignment\s1_engine\3_ohkyungmin\src\okengine\okengine\x64\debug\okengine.tlog\link.read.1.tlog
e:\svn\3d graphics engine assignment\s1_engine\3_ohkyungmin\src\okengine\okengine\x64\debug\okengine.tlog\link.write.1.tlog
e:\svn\3d graphics engine assignment\s1_engine\3_ohkyungmin\src\okengine\okengine\x64\debug\okengine.tlog\okengine.write.1u.tlog
